\BOOKMARK [1][-]{section.1}{\376\377\126\333\116\052\122\033\145\260\160\271}{}% 1
\BOOKMARK [2][-]{subsection.1.1}{\376\377\122\033\145\260\160\271\116\000\377\032\116\373\122\241\040\023\123\153\146\037\040\023\172\227\123\343\116\011\121\103\121\262\172\201\126\376\136\372\152\041}{section.1}% 2
\BOOKMARK [3][-]{subsubsection.1.1.1}{\376\377\116\011\121\103\202\202\160\271\133\232\116\111}{subsection.1.1}% 3
\BOOKMARK [3][-]{subsubsection.1.1.2}{\376\377\121\262\172\201\126\376\133\232\116\111}{subsection.1.1}% 4
\BOOKMARK [3][-]{subsubsection.1.1.3}{\376\377\121\262\172\201\217\271\147\204\136\372\211\304\122\031}{subsection.1.1}% 5
\BOOKMARK [3][-]{subsubsection.1.1.4}{\376\377\123\357\210\114\211\343\116\016\162\354\172\313\226\306\121\163\174\373}{subsection.1.1}% 6
\BOOKMARK [3][-]{subsubsection.1.1.5}{\376\377\122\033\145\260\160\271\140\073\176\323}{subsection.1.1}% 7
\BOOKMARK [2][-]{subsection.1.2}{\376\377\122\033\145\260\160\271\116\214\377\032\121\262\172\201\126\376\137\025\133\374\166\204\206\201\177\244\147\204\220\040\147\072\122\066}{section.1}% 8
\BOOKMARK [3][-]{subsubsection.1.2.1}{\376\377\206\202\206\201\147\204\220\040\211\343\166\204\127\372\147\054\217\307\172\013}{subsection.1.2}% 9
\BOOKMARK [3][-]{subsubsection.1.2.2}{\376\377\202\202\160\271\220\011\142\351\151\202\163\207}{subsection.1.2}% 10
\BOOKMARK [3][-]{subsubsection.1.2.3}{\376\377\121\262\172\201\126\376\124\057\123\321\137\017\121\375\145\160}{subsection.1.2}% 11
\BOOKMARK [3][-]{subsubsection.1.2.4}{\376\377\122\033\145\260\160\271\140\073\176\323}{subsection.1.2}% 12
\BOOKMARK [2][-]{subsection.1.3}{\376\377\122\033\145\260\160\271\116\011\377\032\121\262\172\201\126\376\141\037\167\345\166\204\000\040\000P\000a\000r\000e\000t\000o\000\040\150\143\150\110\117\341\140\157\175\040\146\364\145\260\173\126\165\145}{section.1}% 13
\BOOKMARK [3][-]{subsubsection.1.3.1}{\376\377\000P\000a\000r\000e\000t\000o\000\040\131\026\220\350\150\143\150\110}{subsection.1.3}% 14
\BOOKMARK [3][-]{subsubsection.1.3.2}{\376\377\117\341\140\157\175\040\143\045\123\321}{subsection.1.3}% 15
\BOOKMARK [3][-]{subsubsection.1.3.3}{\376\377\127\372\116\216\000\040\000P\000a\000r\000e\000t\000o\000\040\150\143\150\110\124\214\126\376\215\041\163\056\166\204\117\341\140\157\175\040\130\236\137\072}{subsection.1.3}% 16
\BOOKMARK [3][-]{subsubsection.1.3.4}{\376\377\202\202\160\271\121\262\172\201\126\376\215\041\163\056}{subsection.1.3}% 17
\BOOKMARK [3][-]{subsubsection.1.3.5}{\376\377\116\016\146\156\220\032\000\040\000M\000O\000A\000C\000O\000\040\166\204\123\072\122\053}{subsection.1.3}% 18
\BOOKMARK [3][-]{subsubsection.1.3.6}{\376\377\122\033\145\260\160\271\140\073\176\323}{subsection.1.3}% 19
\BOOKMARK [2][-]{subsection.1.4}{\376\377\122\033\145\260\160\271\126\333\377\032\121\262\172\201\126\376\141\037\167\345\137\353\220\037\143\322\121\145\040\023\146\377\143\142\134\100\220\350\144\034\175\042\173\126\165\145}{section.1}% 20
\BOOKMARK [3][-]{subsubsection.1.4.1}{\376\377\134\100\220\350\144\034\175\042\166\356\166\204}{subsection.1.4}% 21
\BOOKMARK [3][-]{subsubsection.1.4.2}{\376\377\137\353\220\037\143\322\121\145\144\315\117\134}{subsection.1.4}% 22
\BOOKMARK [3][-]{subsubsection.1.4.3}{\376\377\143\322\121\145\117\030\121\110\176\247\143\222\136\217}{subsection.1.4}% 23
\BOOKMARK [3][-]{subsubsection.1.4.4}{\376\377\146\377\143\142\144\315\117\134}{subsection.1.4}% 24
\BOOKMARK [3][-]{subsubsection.1.4.5}{\376\377\131\032\166\356\150\007\146\377\143\142\130\236\166\312\121\375\145\160}{subsection.1.4}% 25
\BOOKMARK [3][-]{subsubsection.1.4.6}{\376\377\127\372\116\216\153\143\137\017\166\356\150\007\121\375\145\160\166\204\146\377\143\142\130\236\166\312}{subsection.1.4}% 26
\BOOKMARK [3][-]{subsubsection.1.4.7}{\376\377\122\033\145\260\160\271\140\073\176\323}{subsection.1.4}% 27
\BOOKMARK [1][-]{section.2}{\376\377\173\227\154\325\145\164\117\123\153\145\232\244}{}% 28
\BOOKMARK [2][-]{subsection.2.1}{\376\377\000S\000t\000e\000p\000\040\0001\377\032\217\223\121\145\123\237\131\313\145\160\143\156}{section.2}% 29
\BOOKMARK [2][-]{subsection.2.2}{\376\377\000S\000t\000e\000p\000\040\0002\377\032\116\373\122\241\040\023\123\153\146\037\040\023\172\227\123\343\116\011\121\103\202\202\160\271\177\026\170\001}{section.2}% 30
\BOOKMARK [2][-]{subsection.2.3}{\376\377\000S\000t\000e\000p\000\040\0003\377\032\147\204\136\372\121\262\172\201\126\376}{section.2}% 31
\BOOKMARK [2][-]{subsection.2.4}{\376\377\000S\000t\000e\000p\000\040\0004\377\032\122\035\131\313\123\026\123\302\145\160\124\214\117\341\140\157\175\040}{section.2}% 32
\BOOKMARK [2][-]{subsection.2.5}{\376\377\000S\000t\000e\000p\000\040\0005\377\032\206\202\206\201\147\204\220\040\214\003\136\246\145\271\150\110}{section.2}% 33
\BOOKMARK [2][-]{subsection.2.6}{\376\377\000S\000t\000e\000p\000\040\0006\377\032\213\241\173\227\214\003\136\246\145\271\150\110\166\204\116\011\116\052\166\356\150\007\121\375\145\160}{section.2}% 34
\BOOKMARK [3][-]{subsubsection.2.6.1}{\376\377\166\356\150\007\116\000\377\032\147\000\134\017\123\026\147\052\133\214\142\020\145\066\166\312\163\207}{subsection.2.6}% 35
\BOOKMARK [3][-]{subsubsection.2.6.2}{\376\377\166\356\150\007\116\214\377\032\147\000\134\017\123\026\131\377\140\001\147\072\122\250\116\343\116\367}{subsection.2.6}% 36
\BOOKMARK [3][-]{subsubsection.2.6.3}{\376\377\166\356\150\007\116\011\377\032\147\000\134\017\123\026\215\037\217\175\116\015\127\107\210\141\136\246}{subsection.2.6}% 37
\BOOKMARK [2][-]{subsection.2.7}{\376\377\000S\000t\000e\000p\000\040\0007\377\032\146\364\145\260\000\040\000P\000a\000r\000e\000t\000o\000\040\131\026\220\350\150\143\150\110}{section.2}% 38
\BOOKMARK [2][-]{subsection.2.8}{\376\377\000S\000t\000e\000p\000\040\0008\377\032\121\262\172\201\126\376\141\037\167\345\134\100\220\350\144\034\175\042}{section.2}% 39
\BOOKMARK [2][-]{subsection.2.9}{\376\377\000S\000t\000e\000p\000\040\0009\377\032\127\372\116\216\000\040\000P\000a\000r\000e\000t\000o\000\040\150\143\150\110\146\364\145\260\117\341\140\157\175\040}{section.2}% 40
\BOOKMARK [2][-]{subsection.2.10}{\376\377\000S\000t\000e\000p\000\040\0001\0000\377\032\217\355\116\343\176\310\153\142\136\166\217\223\121\372\176\323\147\234}{section.2}% 41
\BOOKMARK [1][-]{section.3}{\376\377\145\164\117\123\117\052\116\343\170\001}{}% 42
\BOOKMARK [1][-]{section.4}{\376\377\145\271\154\325\140\073\176\323}{}% 43
